<?xml version="1.0" encoding="UTF-8"?>
<testsuites name="Mocha Tests" time="9.626" tests="2" failures="2">
  <testsuite name="Root Suite" timestamp="2025-01-20T08:31:49" tests="0" file="cypress\e2e\network\deleteRequests.cy.js" time="0.000" failures="0">
  </testsuite>
  <testsuite name="Requests: DELETE" timestamp="2025-01-20T08:31:49" tests="2" time="9.622" failures="2">
    <testcase name="Requests: DELETE should be able to successfully delete a player from the backend" time="0.000" classname="should be able to successfully delete a player from the backend">
      <failure message="Timed out retrying after 4000ms: Expected to find content: &apos;Loading...&apos; within the element: &lt;div#request-status&gt; but never did." type="AssertionError"><![CDATA[AssertionError: Timed out retrying after 4000ms: Expected to find content: 'Loading...' within the element: <div#request-status> but never did.
    at checkRequestStatus (webpack://players_crud2/./cypress/support/utils.js:56:35)
    at Context.eval (webpack://players_crud2/./cypress/e2e/network/deleteRequests.cy.js:28:23)]]></failure>
    </testcase>
    <testcase name="Requests: DELETE should not delete player when delete request is unsuccesful" time="0.000" classname="should not delete player when delete request is unsuccesful">
      <failure message="Timed out retrying after 4000ms: Expected to find content: &apos;Loading...&apos; within the element: &lt;div#request-status&gt; but never did." type="AssertionError"><![CDATA[AssertionError: Timed out retrying after 4000ms: Expected to find content: 'Loading...' within the element: <div#request-status> but never did.
    at checkRequestStatus (webpack://players_crud2/./cypress/support/utils.js:56:35)
    at Context.eval (webpack://players_crud2/./cypress/e2e/network/deleteRequests.cy.js:67:23)]]></failure>
    </testcase>
  </testsuite>
</testsuites>