<?xml version="1.0" encoding="UTF-8"?>
<testsuites name="Mocha Tests" time="18.810" tests="4" failures="4">
  <testsuite name="Root Suite" timestamp="2025-01-20T08:04:36" tests="0" file="cypress\e2e\network\getRequests.cy.js" time="0.000" failures="0">
  </testsuite>
  <testsuite name="Requests: GET" timestamp="2025-01-20T08:04:36" tests="4" time="18.807" failures="4">
    <testcase name="Requests: GET should render players in a list with id &quot;#players-list&quot;" time="0.000" classname="should render players in a list with id &quot;#players-list&quot;">
      <failure message="Timed out retrying after 4000ms: Expected to find content: &apos;Finished!&apos; within the element: &lt;div#request-status&gt; but never did." type="AssertionError"><![CDATA[AssertionError: Timed out retrying after 4000ms: Expected to find content: 'Finished!' within the element: <div#request-status> but never did.
    at checkRequestStatus (webpack://players_crud2/./cypress/support/utils.js:56:35)
    at Context.eval (webpack://players_crud2/./cypress/e2e/network/getRequests.cy.js:25:25)]]></failure>
    </testcase>
    <testcase name="Requests: GET should render players as focusable links inside list items" time="0.000" classname="should render players as focusable links inside list items">
      <failure message="Timed out retrying after 4000ms: Expected to find content: &apos;Loading...&apos; within the element: &lt;div#request-status&gt; but never did." type="AssertionError"><![CDATA[AssertionError: Timed out retrying after 4000ms: Expected to find content: 'Loading...' within the element: <div#request-status> but never did.
    at checkRequestStatus (webpack://players_crud2/./cypress/support/utils.js:56:35)
    at Context.eval (webpack://players_crud2/./cypress/e2e/network/getRequests.cy.js:41:23)]]></failure>
    </testcase>
    <testcase name="Requests: GET should not show player status before a link is clicked" time="0.000" classname="should not show player status before a link is clicked">
      <failure message="Timed out retrying after 4000ms: Expected to find content: &apos;Loading...&apos; within the element: &lt;div#request-status&gt; but never did." type="AssertionError"><![CDATA[AssertionError: Timed out retrying after 4000ms: Expected to find content: 'Loading...' within the element: <div#request-status> but never did.
    at checkRequestStatus (webpack://players_crud2/./cypress/support/utils.js:56:35)
    at Context.eval (webpack://players_crud2/./cypress/e2e/network/getRequests.cy.js:57:23)]]></failure>
    </testcase>
    <testcase name="Requests: GET should show player status when player link is clicked" time="0.000" classname="should show player status when player link is clicked">
      <failure message="Timed out retrying after 4000ms: Expected to find content: &apos;Loading...&apos; within the element: &lt;div#request-status&gt; but never did." type="AssertionError"><![CDATA[AssertionError: Timed out retrying after 4000ms: Expected to find content: 'Loading...' within the element: <div#request-status> but never did.
    at checkRequestStatus (webpack://players_crud2/./cypress/support/utils.js:56:35)
    at Context.eval (webpack://players_crud2/./cypress/e2e/network/getRequests.cy.js:70:23)]]></failure>
    </testcase>
  </testsuite>
</testsuites>