<?xml version="1.0" encoding="UTF-8"?>
<testsuites name="Mocha Tests" time="3.748" tests="2" failures="0">
  <testsuite name="Root Suite" timestamp="2025-01-20T10:26:54" tests="0" file="cypress\e2e\network\putRequest.cy.js" time="0.000" failures="0">
  </testsuite>
  <testsuite name="Requests: PUT" timestamp="2025-01-20T10:26:54" tests="2" time="3.743" failures="0">
    <testcase name="Requests: PUT should be able to update a players active-state correctly in the frontend and the backend. " time="2.190" classname="should be able to update a players active-state correctly in the frontend and the backend. ">
    </testcase>
    <testcase name="Requests: PUT should not update player if put request fails." time="1.498" classname="should not update player if put request fails.">
    </testcase>
  </testsuite>
</testsuites>