<?xml version="1.0" encoding="UTF-8"?>
<testsuites name="Mocha Tests" time="8.884" tests="2" failures="2">
  <testsuite name="Root Suite" timestamp="2025-01-17T18:40:06" tests="0" file="cypress\e2e\network\authRequests.cy.js" time="0.000" failures="0">
  </testsuite>
  <testsuite name="Requests: REGISTER" timestamp="2025-01-17T18:40:06" tests="2" time="8.879" failures="2">
    <testcase name="Requests: REGISTER should be able to succesfully complete the registration process" time="0.000" classname="should be able to succesfully complete the registration process">
      <failure message="Timed out retrying after 4000ms: Expected to find element: `#auth-form`, but never found it." type="AssertionError"><![CDATA[AssertionError: Timed out retrying after 4000ms: Expected to find element: `#auth-form`, but never found it.
    at authFormExists (webpack://players_crud2/./cypress/support/utils.js:103:25)
    at Context.eval (webpack://players_crud2/./cypress/e2e/network/authRequests.cy.js:28:19)]]></failure>
    </testcase>
    <testcase name="Requests: REGISTER should not be able to register if post-request fails" time="0.000" classname="should not be able to register if post-request fails">
      <failure message="Timed out retrying after 4000ms: Expected to find element: `#auth-form`, but never found it." type="AssertionError"><![CDATA[AssertionError: Timed out retrying after 4000ms: Expected to find element: `#auth-form`, but never found it.
    at authFormExists (webpack://players_crud2/./cypress/support/utils.js:103:25)
    at Context.eval (webpack://players_crud2/./cypress/e2e/network/authRequests.cy.js:57:19)]]></failure>
    </testcase>
  </testsuite>
</testsuites>