<?xml version="1.0" encoding="UTF-8"?>
<testsuites name="Mocha Tests" time="0.450" tests="4" failures="4">
  <testsuite name="Root Suite" timestamp="2025-01-18T16:03:16" tests="0" file="cypress\e2e\network\getRequests.cy.js" time="0.000" failures="0">
  </testsuite>
  <testsuite name="Requests: GET" timestamp="2025-01-18T16:03:16" tests="4" time="0.446" failures="4">
    <testcase name="Requests: GET should render players in a list with id &quot;#players-list&quot;" time="0.000" classname="should render players in a list with id &quot;#players-list&quot;">
      <failure message="The following error originated from your application code, not from Cypress.

  &gt; The requested module &apos;/src/components/AuthUser.jsx&apos; does not provide an export named &apos;AuthUser&apos;

When Cypress detects uncaught errors originating from your application it will automatically fail the current test.

This behavior is configurable, and you can choose to turn this off by listening to the `uncaught:exception` event.

https://on.cypress.io/uncaught-exception-from-application" type="SyntaxError"><![CDATA[SyntaxError: The following error originated from your application code, not from Cypress.

  > The requested module '/src/components/AuthUser.jsx' does not provide an export named 'AuthUser'

When Cypress detects uncaught errors originating from your application it will automatically fail the current test.

This behavior is configurable, and you can choose to turn this off by listening to the `uncaught:exception` event.

https://on.cypress.io/uncaught-exception-from-application]]></failure>
    </testcase>
    <testcase name="Requests: GET should render players as focusable links inside list items" time="0.000" classname="should render players as focusable links inside list items">
      <failure message="The following error originated from your application code, not from Cypress.

  &gt; The requested module &apos;/src/components/AuthUser.jsx&apos; does not provide an export named &apos;AuthUser&apos;

When Cypress detects uncaught errors originating from your application it will automatically fail the current test.

This behavior is configurable, and you can choose to turn this off by listening to the `uncaught:exception` event.

https://on.cypress.io/uncaught-exception-from-application" type="SyntaxError"><![CDATA[SyntaxError: The following error originated from your application code, not from Cypress.

  > The requested module '/src/components/AuthUser.jsx' does not provide an export named 'AuthUser'

When Cypress detects uncaught errors originating from your application it will automatically fail the current test.

This behavior is configurable, and you can choose to turn this off by listening to the `uncaught:exception` event.

https://on.cypress.io/uncaught-exception-from-application]]></failure>
    </testcase>
    <testcase name="Requests: GET should not show player status before a link is clicked" time="0.000" classname="should not show player status before a link is clicked">
      <failure message="The following error originated from your application code, not from Cypress.

  &gt; The requested module &apos;/src/components/AuthUser.jsx&apos; does not provide an export named &apos;AuthUser&apos;

When Cypress detects uncaught errors originating from your application it will automatically fail the current test.

This behavior is configurable, and you can choose to turn this off by listening to the `uncaught:exception` event.

https://on.cypress.io/uncaught-exception-from-application" type="SyntaxError"><![CDATA[SyntaxError: The following error originated from your application code, not from Cypress.

  > The requested module '/src/components/AuthUser.jsx' does not provide an export named 'AuthUser'

When Cypress detects uncaught errors originating from your application it will automatically fail the current test.

This behavior is configurable, and you can choose to turn this off by listening to the `uncaught:exception` event.

https://on.cypress.io/uncaught-exception-from-application]]></failure>
    </testcase>
    <testcase name="Requests: GET should show player status when player link is clicked" time="0.000" classname="should show player status when player link is clicked">
      <failure message="The following error originated from your application code, not from Cypress.

  &gt; The requested module &apos;/src/components/AuthUser.jsx&apos; does not provide an export named &apos;AuthUser&apos;

When Cypress detects uncaught errors originating from your application it will automatically fail the current test.

This behavior is configurable, and you can choose to turn this off by listening to the `uncaught:exception` event.

https://on.cypress.io/uncaught-exception-from-application" type="SyntaxError"><![CDATA[SyntaxError: The following error originated from your application code, not from Cypress.

  > The requested module '/src/components/AuthUser.jsx' does not provide an export named 'AuthUser'

When Cypress detects uncaught errors originating from your application it will automatically fail the current test.

This behavior is configurable, and you can choose to turn this off by listening to the `uncaught:exception` event.

https://on.cypress.io/uncaught-exception-from-application]]></failure>
    </testcase>
  </testsuite>
</testsuites>