<?xml version="1.0" encoding="UTF-8"?>
<testsuites name="Mocha Tests" time="1.714" tests="2" failures="0">
  <testsuite name="Root Suite" timestamp="2025-01-15T08:03:08" tests="0" file="cypress\e2e\network\deleteRequests.cy.js" time="0.000" failures="0">
  </testsuite>
  <testsuite name="Requests: DELETE" timestamp="2025-01-15T08:03:08" tests="2" time="1.707" failures="0">
    <testcase name="Requests: DELETE should successfully complete deleting a player" time="0.909" classname="should successfully complete deleting a player">
    </testcase>
    <testcase name="Requests: DELETE should not delete a player if DELETE-request fails" time="0.750" classname="should not delete a player if DELETE-request fails">
    </testcase>
  </testsuite>
</testsuites>