<?xml version="1.0" encoding="UTF-8"?>
<testsuites name="Mocha Tests" time="0.431" tests="2" failures="2">
  <testsuite name="Root Suite" timestamp="2025-01-15T09:52:05" tests="0" file="cypress\e2e\network\deleteRequests.cy.js" time="0.000" failures="0">
  </testsuite>
  <testsuite name="Requests: DELETE" timestamp="2025-01-15T09:52:05" tests="2" time="0.427" failures="2">
    <testcase name="Requests: DELETE should successfully complete deleting a player" time="0.000" classname="should successfully complete deleting a player">
      <failure message="The following error originated from your application code, not from Cypress.

  &gt; The requested module &apos;/src/components/ListPlayers.jsx&apos; does not provide an export named &apos;default&apos;

When Cypress detects uncaught errors originating from your application it will automatically fail the current test.

This behavior is configurable, and you can choose to turn this off by listening to the `uncaught:exception` event.

https://on.cypress.io/uncaught-exception-from-application" type="SyntaxError"><![CDATA[SyntaxError: The following error originated from your application code, not from Cypress.

  > The requested module '/src/components/ListPlayers.jsx' does not provide an export named 'default'

When Cypress detects uncaught errors originating from your application it will automatically fail the current test.

This behavior is configurable, and you can choose to turn this off by listening to the `uncaught:exception` event.

https://on.cypress.io/uncaught-exception-from-application]]></failure>
    </testcase>
    <testcase name="Requests: DELETE should not delete a player if DELETE-request fails" time="0.000" classname="should not delete a player if DELETE-request fails">
      <failure message="The following error originated from your application code, not from Cypress.

  &gt; The requested module &apos;/src/components/ListPlayers.jsx&apos; does not provide an export named &apos;default&apos;

When Cypress detects uncaught errors originating from your application it will automatically fail the current test.

This behavior is configurable, and you can choose to turn this off by listening to the `uncaught:exception` event.

https://on.cypress.io/uncaught-exception-from-application" type="SyntaxError"><![CDATA[SyntaxError: The following error originated from your application code, not from Cypress.

  > The requested module '/src/components/ListPlayers.jsx' does not provide an export named 'default'

When Cypress detects uncaught errors originating from your application it will automatically fail the current test.

This behavior is configurable, and you can choose to turn this off by listening to the `uncaught:exception` event.

https://on.cypress.io/uncaught-exception-from-application]]></failure>
    </testcase>
  </testsuite>
</testsuites>