<?xml version="1.0" encoding="UTF-8"?>
<testsuites name="Mocha Tests" time="0.320" tests="2" failures="2">
  <testsuite name="Root Suite" timestamp="2025-01-15T09:52:10" tests="0" file="cypress\e2e\network\postRequests.cy.js" time="0.000" failures="0">
  </testsuite>
  <testsuite name="Requests: POST" timestamp="2025-01-15T09:52:10" tests="2" time="0.316" failures="2">
    <testcase name="Requests: POST should be able to successfully add a new player to the backend, and then to the list of players" time="0.000" classname="should be able to successfully add a new player to the backend, and then to the list of players">
      <failure message="The following error originated from your application code, not from Cypress.

  &gt; The requested module &apos;/src/components/ListPlayers.jsx&apos; does not provide an export named &apos;default&apos;

When Cypress detects uncaught errors originating from your application it will automatically fail the current test.

This behavior is configurable, and you can choose to turn this off by listening to the `uncaught:exception` event.

https://on.cypress.io/uncaught-exception-from-application" type="SyntaxError"><![CDATA[SyntaxError: The following error originated from your application code, not from Cypress.

  > The requested module '/src/components/ListPlayers.jsx' does not provide an export named 'default'

When Cypress detects uncaught errors originating from your application it will automatically fail the current test.

This behavior is configurable, and you can choose to turn this off by listening to the `uncaught:exception` event.

https://on.cypress.io/uncaught-exception-from-application]]></failure>
    </testcase>
    <testcase name="Requests: POST Should not add a new player if POST request fails" time="0.000" classname="Should not add a new player if POST request fails">
      <failure message="The following error originated from your application code, not from Cypress.

  &gt; The requested module &apos;/src/components/ListPlayers.jsx&apos; does not provide an export named &apos;default&apos;

When Cypress detects uncaught errors originating from your application it will automatically fail the current test.

This behavior is configurable, and you can choose to turn this off by listening to the `uncaught:exception` event.

https://on.cypress.io/uncaught-exception-from-application" type="SyntaxError"><![CDATA[SyntaxError: The following error originated from your application code, not from Cypress.

  > The requested module '/src/components/ListPlayers.jsx' does not provide an export named 'default'

When Cypress detects uncaught errors originating from your application it will automatically fail the current test.

This behavior is configurable, and you can choose to turn this off by listening to the `uncaught:exception` event.

https://on.cypress.io/uncaught-exception-from-application]]></failure>
    </testcase>
  </testsuite>
</testsuites>