<?xml version="1.0" encoding="UTF-8"?>
<testsuites name="Mocha Tests" time="8.717" tests="2" failures="2">
  <testsuite name="Root Suite" timestamp="2025-01-15T07:55:32" tests="0" file="cypress\e2e\network\putRequest.cy.js" time="0.000" failures="0">
  </testsuite>
  <testsuite name="Requests: PUT" timestamp="2025-01-15T07:55:32" tests="2" time="8.714" failures="2">
    <testcase name="Requests: PUT should be able to update a players active-state correctly in the frontend and the backend. " time="0.000" classname="should be able to update a players active-state correctly in the frontend and the backend. ">
      <failure message="Timed out retrying after 4000ms: expected &apos;&lt;button.btn-update&gt;&apos; not to be &apos;enabled&apos;" type="AssertionError"><![CDATA[AssertionError: Timed out retrying after 4000ms: expected '<button.btn-update>' not to be 'enabled'
    at updateButtonShouldBe (webpack://players_crud1/./cypress/support/utils.js:50:24)
    at Context.eval (webpack://players_crud1/./cypress/e2e/network/putRequest.cy.js:37:23)]]></failure>
    </testcase>
    <testcase name="Requests: PUT Should not update the player if update fails." time="0.000" classname="Should not update the player if update fails.">
      <failure message="Timed out retrying after 4000ms: expected &apos;&lt;button.btn-update&gt;&apos; not to be &apos;enabled&apos;" type="AssertionError"><![CDATA[AssertionError: Timed out retrying after 4000ms: expected '<button.btn-update>' not to be 'enabled'
    at updateButtonShouldBe (webpack://players_crud1/./cypress/support/utils.js:50:24)
    at Context.eval (webpack://players_crud1/./cypress/e2e/network/putRequest.cy.js:85:25)]]></failure>
    </testcase>
  </testsuite>
</testsuites>