<?xml version="1.0" encoding="UTF-8"?>
<testsuites name="Mocha Tests" time="0.582" tests="4" failures="4">
  <testsuite name="Root Suite" timestamp="2025-01-15T08:36:59" tests="0" file="cypress\e2e\network\getRequests.cy.js" time="0.000" failures="0">
  </testsuite>
  <testsuite name="Requests: GET" timestamp="2025-01-15T08:36:59" tests="4" time="0.578" failures="4">
    <testcase name="Requests: GET should render players in a list with id &quot;#players-list&quot;" time="0.000" classname="should render players in a list with id &quot;#players-list&quot;">
      <failure message="The following error originated from your application code, not from Cypress.

  &gt; Cannot read properties of null (reading &apos;isActive&apos;)

When Cypress detects uncaught errors originating from your application it will automatically fail the current test.

This behavior is configurable, and you can choose to turn this off by listening to the `uncaught:exception` event.

https://on.cypress.io/uncaught-exception-from-application" type="TypeError"><![CDATA[TypeError: The following error originated from your application code, not from Cypress.

  > Cannot read properties of null (reading 'isActive')

When Cypress detects uncaught errors originating from your application it will automatically fail the current test.

This behavior is configurable, and you can choose to turn this off by listening to the `uncaught:exception` event.

https://on.cypress.io/uncaught-exception-from-application
    at SelectedPlayer (http://localhost:4173/src/components/SelectedPlayer.jsx:22:51)
    at renderWithHooks (http://localhost:4173/node_modules/.vite/deps/chunk-NGODP64W.js?v=28d3b1ef:11548:26)
    at mountIndeterminateComponent (http://localhost:4173/node_modules/.vite/deps/chunk-NGODP64W.js?v=28d3b1ef:14926:21)
    at beginWork (http://localhost:4173/node_modules/.vite/deps/chunk-NGODP64W.js?v=28d3b1ef:15914:22)
    at HTMLUnknownElement.callCallback2 (http://localhost:4173/node_modules/.vite/deps/chunk-NGODP64W.js?v=28d3b1ef:3674:22)
    at Object.invokeGuardedCallbackDev (http://localhost:4173/node_modules/.vite/deps/chunk-NGODP64W.js?v=28d3b1ef:3699:24)
    at invokeGuardedCallback (http://localhost:4173/node_modules/.vite/deps/chunk-NGODP64W.js?v=28d3b1ef:3733:39)
    at beginWork$1 (http://localhost:4173/node_modules/.vite/deps/chunk-NGODP64W.js?v=28d3b1ef:19765:15)
    at performUnitOfWork (http://localhost:4173/node_modules/.vite/deps/chunk-NGODP64W.js?v=28d3b1ef:19198:20)
    at workLoopSync (http://localhost:4173/node_modules/.vite/deps/chunk-NGODP64W.js?v=28d3b1ef:19137:13)]]></failure>
    </testcase>
    <testcase name="Requests: GET should render players as focusable links inside list items" time="0.000" classname="should render players as focusable links inside list items">
      <failure message="The following error originated from your application code, not from Cypress.

  &gt; Cannot read properties of null (reading &apos;isActive&apos;)

When Cypress detects uncaught errors originating from your application it will automatically fail the current test.

This behavior is configurable, and you can choose to turn this off by listening to the `uncaught:exception` event.

https://on.cypress.io/uncaught-exception-from-application" type="TypeError"><![CDATA[TypeError: The following error originated from your application code, not from Cypress.

  > Cannot read properties of null (reading 'isActive')

When Cypress detects uncaught errors originating from your application it will automatically fail the current test.

This behavior is configurable, and you can choose to turn this off by listening to the `uncaught:exception` event.

https://on.cypress.io/uncaught-exception-from-application
    at SelectedPlayer (http://localhost:4173/src/components/SelectedPlayer.jsx:22:51)
    at renderWithHooks (http://localhost:4173/node_modules/.vite/deps/chunk-NGODP64W.js?v=28d3b1ef:11548:26)
    at mountIndeterminateComponent (http://localhost:4173/node_modules/.vite/deps/chunk-NGODP64W.js?v=28d3b1ef:14926:21)
    at beginWork (http://localhost:4173/node_modules/.vite/deps/chunk-NGODP64W.js?v=28d3b1ef:15914:22)
    at HTMLUnknownElement.callCallback2 (http://localhost:4173/node_modules/.vite/deps/chunk-NGODP64W.js?v=28d3b1ef:3674:22)
    at Object.invokeGuardedCallbackDev (http://localhost:4173/node_modules/.vite/deps/chunk-NGODP64W.js?v=28d3b1ef:3699:24)
    at invokeGuardedCallback (http://localhost:4173/node_modules/.vite/deps/chunk-NGODP64W.js?v=28d3b1ef:3733:39)
    at beginWork$1 (http://localhost:4173/node_modules/.vite/deps/chunk-NGODP64W.js?v=28d3b1ef:19765:15)
    at performUnitOfWork (http://localhost:4173/node_modules/.vite/deps/chunk-NGODP64W.js?v=28d3b1ef:19198:20)
    at workLoopSync (http://localhost:4173/node_modules/.vite/deps/chunk-NGODP64W.js?v=28d3b1ef:19137:13)]]></failure>
    </testcase>
    <testcase name="Requests: GET should not show player status before a link is clicked" time="0.000" classname="should not show player status before a link is clicked">
      <failure message="The following error originated from your application code, not from Cypress.

  &gt; Cannot read properties of null (reading &apos;isActive&apos;)

When Cypress detects uncaught errors originating from your application it will automatically fail the current test.

This behavior is configurable, and you can choose to turn this off by listening to the `uncaught:exception` event.

https://on.cypress.io/uncaught-exception-from-application" type="TypeError"><![CDATA[TypeError: The following error originated from your application code, not from Cypress.

  > Cannot read properties of null (reading 'isActive')

When Cypress detects uncaught errors originating from your application it will automatically fail the current test.

This behavior is configurable, and you can choose to turn this off by listening to the `uncaught:exception` event.

https://on.cypress.io/uncaught-exception-from-application
    at SelectedPlayer (http://localhost:4173/src/components/SelectedPlayer.jsx:22:51)
    at renderWithHooks (http://localhost:4173/node_modules/.vite/deps/chunk-NGODP64W.js?v=28d3b1ef:11548:26)
    at mountIndeterminateComponent (http://localhost:4173/node_modules/.vite/deps/chunk-NGODP64W.js?v=28d3b1ef:14926:21)
    at beginWork (http://localhost:4173/node_modules/.vite/deps/chunk-NGODP64W.js?v=28d3b1ef:15914:22)
    at HTMLUnknownElement.callCallback2 (http://localhost:4173/node_modules/.vite/deps/chunk-NGODP64W.js?v=28d3b1ef:3674:22)
    at Object.invokeGuardedCallbackDev (http://localhost:4173/node_modules/.vite/deps/chunk-NGODP64W.js?v=28d3b1ef:3699:24)
    at invokeGuardedCallback (http://localhost:4173/node_modules/.vite/deps/chunk-NGODP64W.js?v=28d3b1ef:3733:39)
    at beginWork$1 (http://localhost:4173/node_modules/.vite/deps/chunk-NGODP64W.js?v=28d3b1ef:19765:15)
    at performUnitOfWork (http://localhost:4173/node_modules/.vite/deps/chunk-NGODP64W.js?v=28d3b1ef:19198:20)
    at workLoopSync (http://localhost:4173/node_modules/.vite/deps/chunk-NGODP64W.js?v=28d3b1ef:19137:13)]]></failure>
    </testcase>
    <testcase name="Requests: GET should show player status when player link is clicked" time="0.000" classname="should show player status when player link is clicked">
      <failure message="The following error originated from your application code, not from Cypress.

  &gt; Cannot read properties of null (reading &apos;isActive&apos;)

When Cypress detects uncaught errors originating from your application it will automatically fail the current test.

This behavior is configurable, and you can choose to turn this off by listening to the `uncaught:exception` event.

https://on.cypress.io/uncaught-exception-from-application" type="TypeError"><![CDATA[TypeError: The following error originated from your application code, not from Cypress.

  > Cannot read properties of null (reading 'isActive')

When Cypress detects uncaught errors originating from your application it will automatically fail the current test.

This behavior is configurable, and you can choose to turn this off by listening to the `uncaught:exception` event.

https://on.cypress.io/uncaught-exception-from-application
    at SelectedPlayer (http://localhost:4173/src/components/SelectedPlayer.jsx:22:51)
    at renderWithHooks (http://localhost:4173/node_modules/.vite/deps/chunk-NGODP64W.js?v=28d3b1ef:11548:26)
    at mountIndeterminateComponent (http://localhost:4173/node_modules/.vite/deps/chunk-NGODP64W.js?v=28d3b1ef:14926:21)
    at beginWork (http://localhost:4173/node_modules/.vite/deps/chunk-NGODP64W.js?v=28d3b1ef:15914:22)
    at HTMLUnknownElement.callCallback2 (http://localhost:4173/node_modules/.vite/deps/chunk-NGODP64W.js?v=28d3b1ef:3674:22)
    at Object.invokeGuardedCallbackDev (http://localhost:4173/node_modules/.vite/deps/chunk-NGODP64W.js?v=28d3b1ef:3699:24)
    at invokeGuardedCallback (http://localhost:4173/node_modules/.vite/deps/chunk-NGODP64W.js?v=28d3b1ef:3733:39)
    at beginWork$1 (http://localhost:4173/node_modules/.vite/deps/chunk-NGODP64W.js?v=28d3b1ef:19765:15)
    at performUnitOfWork (http://localhost:4173/node_modules/.vite/deps/chunk-NGODP64W.js?v=28d3b1ef:19198:20)
    at workLoopSync (http://localhost:4173/node_modules/.vite/deps/chunk-NGODP64W.js?v=28d3b1ef:19137:13)]]></failure>
    </testcase>
  </testsuite>
</testsuites>